Release 14.7 - xst P.20131013 (nt)
Copyright (c) 1995-2013 Xilinx, Inc.  All rights reserved.
--> Parameter TMPDIR set to xst/projnav.tmp


Total REAL time to Xst completion: 0.00 secs
Total CPU time to Xst completion: 0.07 secs
 
--> Parameter xsthdpdir set to xst


Total REAL time to Xst completion: 0.00 secs
Total CPU time to Xst completion: 0.07 secs
 
--> Reading design: control_emulator.prj

TABLE OF CONTENTS
  1) Synthesis Options Summary
  2) HDL Compilation
  3) Design Hierarchy Analysis
  4) HDL Analysis
  5) HDL Synthesis
     5.1) HDL Synthesis Report
  6) Advanced HDL Synthesis
     6.1) Advanced HDL Synthesis Report
  7) Low Level Synthesis
  8) Partition Report
  9) Final Report

=========================================================================
*                      Synthesis Options Summary                        *
=========================================================================
---- Source Parameters
Input File Name                    : "control_emulator.prj"
Input Format                       : mixed
Ignore Synthesis Constraint File   : NO

---- Target Parameters
Output File Name                   : "control_emulator"
Output Format                      : NGC
Target Device                      : CoolRunner XPLA3 CPLDs

---- Source Options
Top Module Name                    : control_emulator
Automatic FSM Extraction           : YES
FSM Encoding Algorithm             : Auto
Safe Implementation                : No
CASE Implementation Style          : Full-Parallel
Mux Extraction                     : Yes
Resource Sharing                   : YES

---- Target Options
Add IO Buffers                     : YES
MACRO Preserve                     : YES
XOR Preserve                       : YES
Equivalent register Removal        : YES

---- General Options
Optimization Goal                  : Speed
Optimization Effort                : 1
Keep Hierarchy                     : Yes
Netlist Hierarchy                  : As_Optimized
RTL Output                         : Yes
Hierarchy Separator                : /
Bus Delimiter                      : <>
Case Specifier                     : Maintain
Verilog 2001                       : YES

---- Other Options
Clock Enable                       : YES
wysiwyg                            : NO

=========================================================================


=========================================================================
*                          HDL Compilation                              *
=========================================================================
Compiling verilog file "counter.v" in library work
Compiling verilog file "misc_controls.v" in library work
Module <counter> compiled
Compiling verilog file "fast_controls_int.v" in library work
Module <misc_controls> compiled
Compiling verilog file "fast_controls_ext.v" in library work
Module <fast_controls_int> compiled
Compiling verilog file "control_emulator.v" in library work
Module <fast_controls_ext> compiled
Module <control_emulator> compiled
No errors in compilation
Analysis of file <"control_emulator.prj"> succeeded.
 

=========================================================================
*                     Design Hierarchy Analysis                         *
=========================================================================
Analyzing hierarchy for module <control_emulator> in library <work>.

Analyzing hierarchy for module <misc_controls> in library <work>.

Analyzing hierarchy for module <fast_controls_ext> in library <work>.

Analyzing hierarchy for module <fast_controls_int> in library <work>.

Analyzing hierarchy for module <counter> in library <work> with parameters.
	NBUCKET = "110111101011"
	WTEPOS = "000001111111"


=========================================================================
*                            HDL Analysis                               *
=========================================================================
Analyzing top module <control_emulator>.
Module <control_emulator> is correct for synthesis.
 
Analyzing module <misc_controls> in library <work>.
Module <misc_controls> is correct for synthesis.
 
Analyzing module <fast_controls_ext> in library <work>.
Module <fast_controls_ext> is correct for synthesis.
 
Analyzing module <fast_controls_int> in library <work>.
Module <fast_controls_int> is correct for synthesis.
 
Analyzing module <counter> in library <work>.
	NBUCKET = 12'b110111101011
	WTEPOS = 12'b000001111111
Module <counter> is correct for synthesis.
 

=========================================================================
*                           HDL Synthesis                               *
=========================================================================

Performing bidirectional port resolution...

Synthesizing Unit <misc_controls>.
    Related source file is "misc_controls.v".
    Found 19-bit up counter for signal <delay_reg>.
    Found 19-bit comparator lessequal for signal <delay_reg$cmp_le0000> created at line 40.
    Found 1-bit register for signal <penable_reg>.
    Summary:
	inferred   1 Counter(s).
	inferred   1 Comparator(s).
Unit <misc_controls> synthesized.


Synthesizing Unit <fast_controls_ext>.
    Related source file is "fast_controls_ext.v".
WARNING:Xst:647 - Input <wte_in> is never used. This port will be preserved and left unconnected if it belongs to a top-level block or it belongs to a sub-block and the hierarchy of this sub-block is preserved.
    Found 1-bit register for signal <qie_reset_out>.
    Found 1-bit register for signal <reset_out>.
    Found 4-bit up counter for signal <hold>.
    Summary:
	inferred   1 Counter(s).
Unit <fast_controls_ext> synthesized.


Synthesizing Unit <counter>.
    Related source file is "counter.v".
    Found 1-bit register for signal <cc>.
    Found 1-bit register for signal <wte_trig>.
    Found 12-bit up counter for signal <out>.
    Summary:
	inferred   1 Counter(s).
	inferred   1 D-type flip-flop(s).
Unit <counter> synthesized.


Synthesizing Unit <fast_controls_int>.
    Related source file is "fast_controls_int.v".
    Found 1-bit register for signal <reset_out>.
Unit <fast_controls_int> synthesized.


Synthesizing Unit <control_emulator>.
    Related source file is "control_emulator.v".
WARNING:Xst:647 - Input <GPIO_Extra1> is never used. This port will be preserved and left unconnected if it belongs to a top-level block or it belongs to a sub-block and the hierarchy of this sub-block is preserved.
WARNING:Xst:647 - Input <alt1> is never used. This port will be preserved and left unconnected if it belongs to a top-level block or it belongs to a sub-block and the hierarchy of this sub-block is preserved.
WARNING:Xst:647 - Input <alt2> is never used. This port will be preserved and left unconnected if it belongs to a top-level block or it belongs to a sub-block and the hierarchy of this sub-block is preserved.
WARNING:Xst:647 - Input <reset_in> is never used. This port will be preserved and left unconnected if it belongs to a top-level block or it belongs to a sub-block and the hierarchy of this sub-block is preserved.
WARNING:Xst:653 - Signal <wte_out_extClk_intCtrl> is used but never assigned. This sourceless signal will be automatically connected to value 0.
WARNING:Xst:653 - Signal <reset_out_extClk_intCtrl> is used but never assigned. This sourceless signal will be automatically connected to value 0.
WARNING:Xst:653 - Signal <qie_reset_out_extClk_intCtrl> is used but never assigned. This sourceless signal will be automatically connected to value 0.
Unit <control_emulator> synthesized.


=========================================================================
HDL Synthesis Report

Macro Statistics
# Counters                                             : 4
 12-bit up counter                                     : 1
 19-bit up counter                                     : 1
 4-bit up counter                                      : 2
# Registers                                            : 8
 1-bit register                                        : 8
# Comparators                                          : 1
 19-bit comparator lessequal                           : 1

=========================================================================

=========================================================================
*                       Advanced HDL Synthesis                          *
=========================================================================


=========================================================================
Advanced HDL Synthesis Report

Macro Statistics
# Counters                                             : 4
 12-bit up counter                                     : 1
 19-bit up counter                                     : 1
 4-bit up counter                                      : 2
# Registers                                            : 1
 Flip-Flops                                            : 1

=========================================================================

=========================================================================
*                         Low Level Synthesis                           *
=========================================================================

Optimizing unit <control_emulator> ...

Optimizing unit <misc_controls> ...

Optimizing unit <fast_controls_ext> ...
  implementation constraint: INIT=r	 : qie_reset_out
  implementation constraint: INIT=r	 : hold_3
  implementation constraint: INIT=r	 : hold_2
  implementation constraint: INIT=r	 : hold_1
  implementation constraint: INIT=r	 : hold_0

Optimizing unit <counter> ...

Optimizing unit <fast_controls_int> ...

=========================================================================
*                           Partition Report                            *
=========================================================================

Partition Implementation Status
-------------------------------

  No Partitions were found in this design.

-------------------------------

=========================================================================
*                            Final Report                               *
=========================================================================
Final Results
RTL Top Level Output File Name     : control_emulator.ngr
Top Level Output File Name         : control_emulator
Output Format                      : NGC
Optimization Goal                  : Speed
Keep Hierarchy                     : Yes
Target Technology                  : CoolRunner XPLA3 CPLDs
Macro Preserve                     : YES
XOR Preserve                       : YES
Clock Enable                       : YES
wysiwyg                            : NO

Design Statistics
# IOs                              : 26

Cell Usage :
# BELS                             : 216
#      AND2                        : 76
#      AND3                        : 5
#      AND4                        : 5
#      AND7                        : 1
#      AND8                        : 1
#      GND                         : 4
#      INV                         : 71
#      OR2                         : 16
#      OR3                         : 2
#      XOR2                        : 35
# FlipFlops/Latches                : 47
#      FD                          : 16
#      FDCE                        : 31
# IO Buffers                       : 21
#      IBUF                        : 13
#      OBUF                        : 8
=========================================================================


Total REAL time to Xst completion: 3.00 secs
Total CPU time to Xst completion: 2.41 secs
 
--> 

Total memory usage is 217804 kilobytes

Number of errors   :    0 (   0 filtered)
Number of warnings :    8 (   0 filtered)
Number of infos    :    0 (   0 filtered)

